<?xml version="1.0" encoding="UTF-8"?>
<!-- Generated by org.testng.reporters.JUnitXMLReporter -->
<testsuite ignored="0" hostname="DESKTOP-10J2OS6" failures="0" tests="5" name="Test" time="2.912" errors="0" timestamp="2021-07-24T07:19:43 IST">
  <testcase classname="TestCases.TC_VideoGame_API" name="test_getAllVideoGames" time="1.902"/>
  <testcase classname="TestCases.TC_VideoGame_API" name="test_addNewVideoGame" time="0.403"/>
  <testcase classname="TestCases.TC_VideoGame_API" name="test_getVideoGame" time="0.485"/>
  <testcase classname="TestCases.TC_VideoGame_API" name="test_putVideoGame" time="0.062"/>
  <testcase classname="TestCases.TC_VideoGame_API" name="test_deleteVideoGame" time="0.025"/>
</testsuite> <!-- Test -->
