<?xml version="1.0" encoding="UTF-8"?>
<testsuite xmlns:xsi="http://www.w3.org/2001/XMLSchema-instance" xsi:noNamespaceSchemaLocation="https://maven.apache.org/surefire/maven-surefire-plugin/xsd/surefire-test-report-3.0.xsd" version="3.0" name="TestSuite" time="3.312" tests="5" errors="0" skipped="0" failures="0">
  <properties>
[...]
</properties>
  <testcase name="test_getAllVideoGames" classname="TestCases.TC_VideoGame_API" time="1.903"/>
  <testcase name="test_addNewVideoGame" classname="TestCases.TC_VideoGame_API" time="0.403">
    <system-out><![CDATA[{"status": "Record Added Successfully"}
]]></system-out>
    <system-err><![CDATA[[Fatal Error] :1:1: Content is not allowed in prolog.
]]></system-err>
  </testcase>
  <testcase name="test_getVideoGame" classname="TestCases.TC_VideoGame_API" time="0.494">
    <system-out><![CDATA[<videoGame category="Adventure" rating="Universal">
  <id>11</id>
  <name>CarRace</name>
  <releaseDate>2021-07-21T00:00:00+05:30</releaseDate>
  <reviewScore>5</reviewScore>
</videoGame>
]]></system-out>
  </testcase>
  <testcase name="test_putVideoGame" classname="TestCases.TC_VideoGame_API" time="0.055">
    <system-out><![CDATA[<videoGame category="Adventure" rating="Universal">
  <id>11</id>
  <name>CarRace1</name>
  <releaseDate>2021-07-21T00:00:00+05:30</releaseDate>
  <reviewScore>4</reviewScore>
</videoGame>
]]></system-out>
  </testcase>
  <testcase name="test_deleteVideoGame" classname="TestCases.TC_VideoGame_API" time="0.025">
    <system-out><![CDATA[{"status": "Record Deleted Successfully"}
]]></system-out>
    <system-err><![CDATA[[Fatal Error] :1:1: Content is not allowed in prolog.
]]></system-err>
  </testcase>
</testsuite>